<?xml version="1.0" encoding="UTF-8"?>
<!-- Generated by org.testng.reporters.JUnitXMLReporter -->
<testsuite hostname="ADMINIB-LOV72NR" failures="0" tests="3" name="Free CRM App Test Cases" time="51.673" errors="0" timestamp="20 Mar 2018 09:54:42 GMT">
  <testcase classname="com.crm.qa.testcases.LoginPageTest" name="logipagetitleTest" time="0.962"/>
  <testcase classname="com.crm.qa.testcases.LoginPageTest" name="crmLogoImgTest" time="0.72"/>
  <testcase classname="com.crm.qa.testcases.LoginPageTest" name="loginTest" time="3.97"/>
</testsuite> <!-- Free CRM App Test Cases -->
