<?xml version="1.0" encoding="UTF-8"?>
<testng-results total="3" passed="3" failed="0" skipped="0">
  <reporter-output>
  </reporter-output>
  <suite started-at="2018-03-20T09:53:50Z" name="FREE CRM Application Test Automation Test Suite" finished-at="2018-03-20T09:54:42Z" duration-ms="51673">
    <groups>
    </groups>
    <test started-at="2018-03-20T09:53:50Z" name="Free CRM App Test Cases" finished-at="2018-03-20T09:54:42Z" duration-ms="51673">
      <class name="com.crm.qa.testcases.LoginPageTest">
        <test-method is-config="true" signature="setup()[pri:0, instance:com.crm.qa.testcases.LoginPageTest@21de60b4]" started-at="2018-03-20T15:23:50Z" name="setup" finished-at="2018-03-20T15:24:07Z" duration-ms="16802" status="PASS">
          <reporter-output>
          </reporter-output>
        </test-method> <!-- setup -->
        <test-method signature="logipagetitleTest()[pri:1, instance:com.crm.qa.testcases.LoginPageTest@21de60b4]" started-at="2018-03-20T15:24:07Z" name="logipagetitleTest" finished-at="2018-03-20T15:24:08Z" duration-ms="962" status="PASS">
          <reporter-output>
          </reporter-output>
        </test-method> <!-- logipagetitleTest -->
        <test-method is-config="true" signature="teardown()[pri:0, instance:com.crm.qa.testcases.LoginPageTest@21de60b4]" started-at="2018-03-20T15:24:08Z" name="teardown" finished-at="2018-03-20T15:24:09Z" duration-ms="674" status="PASS">
          <reporter-output>
          </reporter-output>
        </test-method> <!-- teardown -->
        <test-method is-config="true" signature="setup()[pri:0, instance:com.crm.qa.testcases.LoginPageTest@21de60b4]" started-at="2018-03-20T15:24:09Z" name="setup" finished-at="2018-03-20T15:24:24Z" duration-ms="15038" status="PASS">
          <reporter-output>
          </reporter-output>
        </test-method> <!-- setup -->
        <test-method signature="crmLogoImgTest()[pri:2, instance:com.crm.qa.testcases.LoginPageTest@21de60b4]" started-at="2018-03-20T15:24:24Z" name="crmLogoImgTest" finished-at="2018-03-20T15:24:25Z" duration-ms="720" status="PASS">
          <reporter-output>
          </reporter-output>
        </test-method> <!-- crmLogoImgTest -->
        <test-method is-config="true" signature="teardown()[pri:0, instance:com.crm.qa.testcases.LoginPageTest@21de60b4]" started-at="2018-03-20T15:24:25Z" name="teardown" finished-at="2018-03-20T15:24:25Z" duration-ms="523" status="PASS">
          <reporter-output>
          </reporter-output>
        </test-method> <!-- teardown -->
        <test-method is-config="true" signature="setup()[pri:0, instance:com.crm.qa.testcases.LoginPageTest@21de60b4]" started-at="2018-03-20T15:24:25Z" name="setup" finished-at="2018-03-20T15:24:38Z" duration-ms="12538" status="PASS">
          <reporter-output>
          </reporter-output>
        </test-method> <!-- setup -->
        <test-method signature="loginTest()[pri:3, instance:com.crm.qa.testcases.LoginPageTest@21de60b4]" started-at="2018-03-20T15:24:38Z" name="loginTest" finished-at="2018-03-20T15:24:42Z" duration-ms="3970" status="PASS">
          <reporter-output>
          </reporter-output>
        </test-method> <!-- loginTest -->
        <test-method is-config="true" signature="teardown()[pri:0, instance:com.crm.qa.testcases.LoginPageTest@21de60b4]" started-at="2018-03-20T15:24:42Z" name="teardown" finished-at="2018-03-20T15:24:42Z" duration-ms="431" status="PASS">
          <reporter-output>
          </reporter-output>
        </test-method> <!-- teardown -->
      </class> <!-- com.crm.qa.testcases.LoginPageTest -->
    </test> <!-- Free CRM App Test Cases -->
  </suite> <!-- FREE CRM Application Test Automation Test Suite -->
</testng-results>
