<?xml version="1.0" encoding="UTF-8"?>
<!-- Generated by org.testng.reporters.JUnitXMLReporter -->
<testsuite hostname="ADMINIB-LOV72NR" failures="0" tests="7" name="Free CRM App Test Cases" time="141.541" errors="0" timestamp="20 Mar 2018 05:53:24 GMT">
  <testcase classname="com.crm.qa.testcases.LoginPageTest" name="logipagetitleTest" time="0.966"/>
  <testcase classname="com.crm.qa.testcases.LoginPageTest" name="crmLogoImgTest" time="0.946"/>
  <testcase classname="com.crm.qa.testcases.LoginPageTest" name="loginTest" time="1.756"/>
  <testcase classname="com.crm.qa.testcases.HomePageTest" name="verifyHomePageTitleTest" time="0.765"/>
  <testcase classname="com.crm.qa.testcases.HomePageTest" name="verifyUserNameTest" time="11.175"/>
  <testcase classname="com.crm.qa.testcases.HomePageTest" name="verifyContactsLinkTest" time="11.446"/>
  <testcase classname="com.crm.qa.testcases.ContactsPageTest" name="verifyContactsPageLabel" time="1.359"/>
</testsuite> <!-- Free CRM App Test Cases -->
